<?xml version="1.0" encoding="UTF-8"?>
<!-- Generated by org.testng.reporters.JUnitReportReporter -->
<testsuite name="com.encore.testcases.EncorE_HomePage_TestCases" tests="15" time="112.184" ignored="0" failures="1" timestamp="07 Nov 2019 05:21:58 GMT" skipped="3" hostname="leomahesh-PC" errors="0">
  <testcase name="EncorE_EncorA_Test" time="5.692" classname="com.encore.testcases.EncorE_HomePage_TestCases"/>
  <testcase name="EncorE_ValueSet_Test" time="5.522" classname="com.encore.testcases.EncorE_HomePage_TestCases">
    <skipped/>
  </testcase> <!-- EncorE_ValueSet_Test -->
  <testcase name="VerifyMovetoReportingPage_Test" time="6.175" classname="com.encore.testcases.EncorE_HomePage_TestCases"/>
  <testcase name="EncorE_EH_EC_Load_Status_Test" time="5.837" classname="com.encore.testcases.EncorE_HomePage_TestCases"/>
  <testcase name="EncorE_Reporting_Icon_Test" time="5.496" classname="com.encore.testcases.EncorE_HomePage_TestCases"/>
  <testcase name="EncorE_ValueSet_Test" time="34.683" classname="com.encore.testcases.EncorE_HomePage_TestCases">
    <skipped/>
  </testcase> <!-- EncorE_ValueSet_Test -->
  <testcase name="EncorE_HomeIcon_Test" time="5.711" classname="com.encore.testcases.EncorE_HomePage_TestCases"/>
  <testcase name="EncorE_ValueSet_Test" time="5.456" classname="com.encore.testcases.EncorE_HomePage_TestCases">
    <failure type="java.lang.AssertionError" message="Expected is : Value Sets: TestCase Failed !!! expected [Value Sets] but found [Value Set]">
      <![CDATA[java.lang.AssertionError: Expected is : Value Sets: TestCase Failed !!! expected [Value Sets] but found [Value Set]
	at org.testng.Assert.fail(Assert.java:94)
	at org.testng.Assert.failNotEquals(Assert.java:513)
	at org.testng.Assert.assertEqualsImpl(Assert.java:135)
	at org.testng.Assert.assertEquals(Assert.java:116)
	at org.testng.Assert.assertEquals(Assert.java:190)
	at com.encore.testcases.EncorE_HomePage_TestCases.EncorE_ValueSet_Test(EncorE_HomePage_TestCases.java:103)
	at sun.reflect.NativeMethodAccessorImpl.invoke0(Native Method)
	at sun.reflect.NativeMethodAccessorImpl.invoke(NativeMethodAccessorImpl.java:62)
	at sun.reflect.DelegatingMethodAccessorImpl.invoke(DelegatingMethodAccessorImpl.java:43)
	at java.lang.reflect.Method.invoke(Method.java:483)
	at org.testng.internal.MethodInvocationHelper.invokeMethod(MethodInvocationHelper.java:104)
	at org.testng.internal.Invoker.invokeMethod(Invoker.java:645)
	at org.testng.internal.Invoker.retryFailed(Invoker.java:998)
	at org.testng.internal.Invoker.invokeTestMethods(Invoker.java:1200)
	at org.testng.internal.TestMethodWorker.invokeTestMethods(TestMethodWorker.java:129)
	at org.testng.internal.TestMethodWorker.run(TestMethodWorker.java:112)
	at org.testng.TestRunner.privateRun(TestRunner.java:756)
	at org.testng.TestRunner.run(TestRunner.java:610)
	at org.testng.SuiteRunner.runTest(SuiteRunner.java:387)
	at org.testng.SuiteRunner.runSequentially(SuiteRunner.java:382)
	at org.testng.SuiteRunner.privateRun(SuiteRunner.java:340)
	at org.testng.SuiteRunner.run(SuiteRunner.java:289)
	at org.testng.SuiteRunnerWorker.runSuite(SuiteRunnerWorker.java:52)
	at org.testng.SuiteRunnerWorker.run(SuiteRunnerWorker.java:86)
	at org.testng.TestNG.runSuitesSequentially(TestNG.java:1293)
	at org.testng.TestNG.runSuitesLocally(TestNG.java:1218)
	at org.testng.TestNG.runSuites(TestNG.java:1133)
	at org.testng.TestNG.run(TestNG.java:1104)
	at org.testng.remote.AbstractRemoteTestNG.run(AbstractRemoteTestNG.java:132)
	at org.testng.remote.RemoteTestNG.initAndRun(RemoteTestNG.java:236)
	at org.testng.remote.RemoteTestNG.main(RemoteTestNG.java:81)
]]>
    </failure>
  </testcase> <!-- EncorE_ValueSet_Test -->
  <testcase name="EncorE_Administration_Test" time="5.325" classname="com.encore.testcases.EncorE_HomePage_TestCases"/>
  <testcase name="EncorE_CurrentVersion_Test" time="5.107" classname="com.encore.testcases.EncorE_HomePage_TestCases"/>
  <testcase name="EncorE_Logo_Test" time="6.055" classname="com.encore.testcases.EncorE_HomePage_TestCases"/>
  <testcase name="EncorE_CurrentUser_Test" time="5.765" classname="com.encore.testcases.EncorE_HomePage_TestCases"/>
  <testcase name="EncorE_Title_Test" time="5.081" classname="com.encore.testcases.EncorE_HomePage_TestCases"/>
  <testcase name="EncorE_HeaderMenus_Test" time="5.176" classname="com.encore.testcases.EncorE_HomePage_TestCases">
    <skipped/>
  </testcase> <!-- EncorE_HeaderMenus_Test -->
  <testcase name="EncorE_EncorD_Test" time="5.103" classname="com.encore.testcases.EncorE_HomePage_TestCases"/>
</testsuite> <!-- com.encore.testcases.EncorE_HomePage_TestCases -->
